{"numFailedTestSuites":1,"numFailedTests":1,"numPassedTestSuites":0,"numPassedTests":7,"numPendingTestSuites":0,"numPendingTests":0,"numRuntimeErrorTestSuites":0,"numTodoTests":0,"numTotalTestSuites":1,"numTotalTests":8,"openHandles":[],"snapshot":{"added":0,"didUpdate":false,"failure":false,"filesAdded":0,"filesRemoved":0,"filesRemovedList":[],"filesUnmatched":0,"filesUpdated":0,"matched":0,"total":0,"unchecked":0,"uncheckedKeysByFile":[],"unmatched":0,"updated":0},"startTime":1752231555153,"success":false,"testResults":[{"assertionResults":[{"ancestorTitles":["EmailService"],"duration":28,"failureDetails":[],"failureMessages":[],"fullName":"EmailService should send email successfully","invocations":1,"location":null,"numPassingAsserts":1,"retryReasons":[],"status":"passed","title":"should send email successfully"},{"ancestorTitles":["EmailService"],"duration":2,"failureDetails":[],"failureMessages":[],"fullName":"EmailService should not send duplicate emails","invocations":1,"location":null,"numPassingAsserts":1,"retryReasons":[],"status":"passed","title":"should not send duplicate emails"},{"ancestorTitles":["EmailService"],"duration":3029,"failureDetails":[],"failureMessages":[],"fullName":"EmailService should retry on failure","invocations":1,"location":null,"numPassingAsserts":1,"retryReasons":[],"status":"passed","title":"should retry on failure"},{"ancestorTitles":["EmailService"],"duration":3014,"failureDetails":[],"failureMessages":[],"fullName":"EmailService should fallback to secondary provider","invocations":1,"location":null,"numPassingAsserts":2,"retryReasons":[],"status":"passed","title":"should fallback to secondary provider"},{"ancestorTitles":["EmailService"],"duration":24,"failureDetails":[],"failureMessages":[],"fullName":"EmailService should respect rate limiting","invocations":1,"location":null,"numPassingAsserts":1,"retryReasons":[],"status":"passed","title":"should respect rate limiting"},{"ancestorTitles":["EmailService"],"duration":7,"failureDetails":[{"message":"expect(received).rejects.toThrow()\n\nReceived promise resolved instead of rejected\nResolved to value: \"Sent\""}],"failureMessages":["Error: expect(received).rejects.toThrow()\n\nReceived promise resolved instead of rejected\nResolved to value: \"Sent\"\n    at expect (C:\\Users\\harsh\\OneDrive\\Desktop\\Pearlthoughts-backend\\node_modules\\expect\\build\\index.js:113:15)\n    at Object.expect (C:\\Users\\harsh\\OneDrive\\Desktop\\Pearlthoughts-backend\\test1\\EmailService.test.js:70:15)"],"fullName":"EmailService should implement circuit breaker","invocations":1,"location":null,"numPassingAsserts":1,"retryReasons":[],"status":"failed","title":"should implement circuit breaker"},{"ancestorTitles":["EmailService"],"duration":5534,"failureDetails":[],"failureMessages":[],"fullName":"EmailService should close circuit after reset timeout","invocations":1,"location":null,"numPassingAsserts":1,"retryReasons":[],"status":"passed","title":"should close circuit after reset timeout"},{"ancestorTitles":["EmailService"],"duration":3,"failureDetails":[],"failureMessages":[],"fullName":"EmailService should update send status","invocations":1,"location":null,"numPassingAsserts":1,"retryReasons":[],"status":"passed","title":"should update send status"}],"endTime":1752231567298,"message":"  ● EmailService › should implement circuit breaker\n\n    expect(received).rejects.toThrow()\n\n    Received promise resolved instead of rejected\n    Resolved to value: \"Sent\"\n\n    \u001b[0m \u001b[90m 68 |\u001b[39m         \n     \u001b[90m 69 |\u001b[39m         \u001b[90m// Attempting to send should throw an error due to the circuit breaker\u001b[39m\n    \u001b[31m\u001b[1m>\u001b[22m\u001b[39m\u001b[90m 70 |\u001b[39m         \u001b[36mawait\u001b[39m expect(emailService\u001b[33m.\u001b[39msend(email))\u001b[33m.\u001b[39mrejects\u001b[33m.\u001b[39mtoThrow()\u001b[33m;\u001b[39m\n     \u001b[90m    |\u001b[39m               \u001b[31m\u001b[1m^\u001b[22m\u001b[39m\n     \u001b[90m 71 |\u001b[39m     })\u001b[33m;\u001b[39m\n     \u001b[90m 72 |\u001b[39m\n     \u001b[90m 73 |\u001b[39m     it(\u001b[32m'should close circuit after reset timeout'\u001b[39m\u001b[33m,\u001b[39m \u001b[36masync\u001b[39m () \u001b[33m=>\u001b[39m {\u001b[0m\n\n      at expect (node_modules/expect/build/index.js:113:15)\n      at Object.expect (test1/EmailService.test.js:70:15)\n","name":"C:\\Users\\harsh\\OneDrive\\Desktop\\Pearlthoughts-backend\\test1\\EmailService.test.js","startTime":1752231555239,"status":"failed","summary":""}],"wasInterrupted":false}
